<?xml version="1.0" encoding="UTF-8"?>
<testsuite xmlns:xsi="http://www.w3.org/2001/XMLSchema-instance" xsi:noNamespaceSchemaLocation="https://maven.apache.org/surefire/maven-surefire-plugin/xsd/surefire-test-report.xsd" version="3.0.2" name="com.smartcampus.AppTest" time="0.124" tests="3" errors="0" skipped="0" failures="0">
  <properties>
[...]
</properties>
  <testcase name="testDeleteRoomWithSensorsThrowsException" classname="com.smartcampus.AppTest" time="0.011"/>
  <testcase name="testCreateSensorWithInvalidRoomThrowsException" classname="com.smartcampus.AppTest" time="0.0"/>
  <testcase name="testAddReadingToMaintenanceSensorThrowsException" classname="com.smartcampus.AppTest" time="0.0"/>
</testsuite>